<?xml version="1.0" encoding="UTF-8"?>
<testsuite name="com.nasa.gov.rest.SoundsTest" time="7.831" tests="11" errors="0" skipped="0" failures="7">
  <properties>
[...]
</properties>
  <testcase name="testEmptyKey" classname="com.nasa.gov.rest.SoundsTest" time="3.722"/>
  <testcase name="testEmptySearchRequest" classname="com.nasa.gov.rest.SoundsTest" time="0.406">
    <failure message="expected [200] but found [429]" type="java.lang.AssertionError">java.lang.AssertionError: expected [200] but found [429]
	at org.testng.Assert.fail(Assert.java:93)
	at org.testng.Assert.failNotEquals(Assert.java:512)
	at org.testng.Assert.assertEqualsImpl(Assert.java:134)
	at org.testng.Assert.assertEquals(Assert.java:115)
	at org.testng.Assert.assertEquals(Assert.java:388)
	at org.testng.Assert.assertEquals(Assert.java:398)
	at com.nasa.gov.rest.SoundsTest.testEmptySearchRequest(SoundsTest.java:58)
</failure>
    <system-out><![CDATA[Running Test:testEmptyKey
]]></system-out>
  </testcase>
  <testcase name="testInvalidKey" classname="com.nasa.gov.rest.SoundsTest" time="0.441"/>
  <testcase name="testInvalidLimit" classname="com.nasa.gov.rest.SoundsTest" time="0.418">
    <failure message="1 expectation failed.&#10;Expected status code &lt;500&gt; doesn&apos;t match actual status code &lt;429&gt;.&#10;" type="java.lang.AssertionError"><![CDATA[java.lang.AssertionError: 1 expectation failed.
Expected status code <500> doesn't match actual status code <429>.

	at sun.reflect.NativeConstructorAccessorImpl.newInstance0(Native Method)
	at sun.reflect.NativeConstructorAccessorImpl.newInstance(NativeConstructorAccessorImpl.java:62)
	at sun.reflect.DelegatingConstructorAccessorImpl.newInstance(DelegatingConstructorAccessorImpl.java:45)
	at java.lang.reflect.Constructor.newInstance(Constructor.java:422)
	at org.codehaus.groovy.reflection.CachedConstructor.invoke(CachedConstructor.java:80)
	at org.codehaus.groovy.reflection.CachedConstructor.doConstructorInvoke(CachedConstructor.java:74)
	at org.codehaus.groovy.runtime.callsite.ConstructorSite$ConstructorSiteNoUnwrap.callConstructor(ConstructorSite.java:84)
	at org.codehaus.groovy.runtime.callsite.CallSiteArray.defaultCallConstructor(CallSiteArray.java:60)
	at org.codehaus.groovy.runtime.callsite.AbstractCallSite.callConstructor(AbstractCallSite.java:235)
	at org.codehaus.groovy.runtime.callsite.AbstractCallSite.callConstructor(AbstractCallSite.java:247)
	at com.jayway.restassured.internal.ResponseSpecificationImpl$HamcrestAssertionClosure.validate(ResponseSpecificationImpl.groovy:598)
	at com.jayway.restassured.internal.ResponseSpecificationImpl$HamcrestAssertionClosure$validate$1.call(Unknown Source)
	at com.jayway.restassured.internal.ResponseSpecificationImpl.validateResponseIfRequired(ResponseSpecificationImpl.groovy:760)
	at sun.reflect.NativeMethodAccessorImpl.invoke0(Native Method)
	at sun.reflect.NativeMethodAccessorImpl.invoke(NativeMethodAccessorImpl.java:62)
	at sun.reflect.DelegatingMethodAccessorImpl.invoke(DelegatingMethodAccessorImpl.java:43)
	at java.lang.reflect.Method.invoke(Method.java:497)
	at org.codehaus.groovy.runtime.callsite.PogoMetaMethodSite$PogoCachedMethodSiteNoUnwrapNoCoerce.invoke(PogoMetaMethodSite.java:210)
	at org.codehaus.groovy.runtime.callsite.PogoMetaMethodSite.callCurrent(PogoMetaMethodSite.java:59)
	at org.codehaus.groovy.runtime.callsite.CallSiteArray.defaultCallCurrent(CallSiteArray.java:52)
	at org.codehaus.groovy.runtime.callsite.AbstractCallSite.callCurrent(AbstractCallSite.java:154)
	at org.codehaus.groovy.runtime.callsite.AbstractCallSite.callCurrent(AbstractCallSite.java:166)
	at com.jayway.restassured.internal.ResponseSpecificationImpl.statusCode(ResponseSpecificationImpl.groovy:120)
	at com.jayway.restassured.specification.ResponseSpecification$statusCode$1.callCurrent(Unknown Source)
	at org.codehaus.groovy.runtime.callsite.CallSiteArray.defaultCallCurrent(CallSiteArray.java:52)
	at org.codehaus.groovy.runtime.callsite.AbstractCallSite.callCurrent(AbstractCallSite.java:154)
	at org.codehaus.groovy.runtime.callsite.AbstractCallSite.callCurrent(AbstractCallSite.java:166)
	at com.jayway.restassured.internal.ResponseSpecificationImpl.statusCode(ResponseSpecificationImpl.groovy:128)
	at com.jayway.restassured.internal.ValidatableResponseOptionsImpl.statusCode(ValidatableResponseOptionsImpl.java:117)
	at com.nasa.gov.rest.SoundsTest.testInvalidLimit(SoundsTest.java:128)
]]></failure>
    <system-out><![CDATA[Running Test:testInvalidKey
]]></system-out>
  </testcase>
  <testcase name="testInvalidSearchRequest" classname="com.nasa.gov.rest.SoundsTest" time="0.401">
    <failure message="expected [200] but found [429]" type="java.lang.AssertionError">java.lang.AssertionError: expected [200] but found [429]
	at org.testng.Assert.fail(Assert.java:93)
	at org.testng.Assert.failNotEquals(Assert.java:512)
	at org.testng.Assert.assertEqualsImpl(Assert.java:134)
	at org.testng.Assert.assertEquals(Assert.java:115)
	at org.testng.Assert.assertEquals(Assert.java:388)
	at org.testng.Assert.assertEquals(Assert.java:398)
	at com.nasa.gov.rest.SoundsTest.testInvalidSearchRequest(SoundsTest.java:77)
</failure>
    <system-out><![CDATA[Running Test:testInvalidLimit
]]></system-out>
  </testcase>
  <testcase name="testLargeLimit" classname="com.nasa.gov.rest.SoundsTest" time="0.403">
    <failure message="expected [200] but found [429]" type="java.lang.AssertionError">java.lang.AssertionError: expected [200] but found [429]
	at org.testng.Assert.fail(Assert.java:93)
	at org.testng.Assert.failNotEquals(Assert.java:512)
	at org.testng.Assert.assertEqualsImpl(Assert.java:134)
	at org.testng.Assert.assertEquals(Assert.java:115)
	at org.testng.Assert.assertEquals(Assert.java:388)
	at org.testng.Assert.assertEquals(Assert.java:398)
	at com.nasa.gov.rest.SoundsTest.testLargeLimit(SoundsTest.java:96)
</failure>
    <system-out><![CDATA[Running Test:testInvalidSearchRequest
]]></system-out>
  </testcase>
  <testcase name="testMissingKey" classname="com.nasa.gov.rest.SoundsTest" time="0.415"/>
  <testcase name="testMissingParameters" classname="com.nasa.gov.rest.SoundsTest" time="0.412">
    <failure message="1 expectation failed.&#10;Expected status code &lt;200&gt; doesn&apos;t match actual status code &lt;429&gt;.&#10;" type="java.lang.AssertionError"><![CDATA[java.lang.AssertionError: 1 expectation failed.
Expected status code <200> doesn't match actual status code <429>.

	at sun.reflect.NativeConstructorAccessorImpl.newInstance0(Native Method)
	at sun.reflect.NativeConstructorAccessorImpl.newInstance(NativeConstructorAccessorImpl.java:62)
	at sun.reflect.DelegatingConstructorAccessorImpl.newInstance(DelegatingConstructorAccessorImpl.java:45)
	at java.lang.reflect.Constructor.newInstance(Constructor.java:422)
	at org.codehaus.groovy.reflection.CachedConstructor.invoke(CachedConstructor.java:80)
	at org.codehaus.groovy.reflection.CachedConstructor.doConstructorInvoke(CachedConstructor.java:74)
	at org.codehaus.groovy.runtime.callsite.ConstructorSite$ConstructorSiteNoUnwrap.callConstructor(ConstructorSite.java:84)
	at org.codehaus.groovy.runtime.callsite.AbstractCallSite.callConstructor(AbstractCallSite.java:247)
	at com.jayway.restassured.internal.ResponseSpecificationImpl$HamcrestAssertionClosure.validate(ResponseSpecificationImpl.groovy:598)
	at com.jayway.restassured.internal.ResponseSpecificationImpl$HamcrestAssertionClosure$validate$1.call(Unknown Source)
	at com.jayway.restassured.internal.ResponseSpecificationImpl.validateResponseIfRequired(ResponseSpecificationImpl.groovy:760)
	at sun.reflect.NativeMethodAccessorImpl.invoke0(Native Method)
	at sun.reflect.NativeMethodAccessorImpl.invoke(NativeMethodAccessorImpl.java:62)
	at sun.reflect.DelegatingMethodAccessorImpl.invoke(DelegatingMethodAccessorImpl.java:43)
	at java.lang.reflect.Method.invoke(Method.java:497)
	at org.codehaus.groovy.runtime.callsite.PogoMetaMethodSite$PogoCachedMethodSiteNoUnwrapNoCoerce.invoke(PogoMetaMethodSite.java:210)
	at org.codehaus.groovy.runtime.callsite.PogoMetaMethodSite.callCurrent(PogoMetaMethodSite.java:59)
	at org.codehaus.groovy.runtime.callsite.AbstractCallSite.callCurrent(AbstractCallSite.java:166)
	at com.jayway.restassured.internal.ResponseSpecificationImpl.statusCode(ResponseSpecificationImpl.groovy:120)
	at com.jayway.restassured.specification.ResponseSpecification$statusCode$1.callCurrent(Unknown Source)
	at com.jayway.restassured.internal.ResponseSpecificationImpl.statusCode(ResponseSpecificationImpl.groovy:128)
	at com.jayway.restassured.internal.ValidatableResponseOptionsImpl.statusCode(ValidatableResponseOptionsImpl.java:117)
	at com.nasa.gov.rest.SoundsTest.testMissingParameters(SoundsTest.java:145)
]]></failure>
    <system-out><![CDATA[Running Test:testMissingKey
Request params:	api_key=DEMO_KEY
Query params:	<none>
Form params:	<none>
Path params:	<none>
Multiparts:		<none>
]]></system-out>
  </testcase>
  <testcase name="testRequestResponseTime" classname="com.nasa.gov.rest.SoundsTest" time="0.411"/>
  <testcase name="testSmallLimit" classname="com.nasa.gov.rest.SoundsTest" time="0.401">
    <failure message="expected [200] but found [429]" type="java.lang.AssertionError">java.lang.AssertionError: expected [200] but found [429]
	at org.testng.Assert.fail(Assert.java:93)
	at org.testng.Assert.failNotEquals(Assert.java:512)
	at org.testng.Assert.assertEqualsImpl(Assert.java:134)
	at org.testng.Assert.assertEquals(Assert.java:115)
	at org.testng.Assert.assertEquals(Assert.java:388)
	at org.testng.Assert.assertEquals(Assert.java:398)
	at com.nasa.gov.rest.SoundsTest.testSmallLimit(SoundsTest.java:113)
</failure>
    <system-out><![CDATA[Running Test:testRequestResponseTime
]]></system-out>
  </testcase>
  <testcase name="testValidRequest" classname="com.nasa.gov.rest.SoundsTest" time="0.401">
    <failure message="expected [200] but found [429]" type="java.lang.AssertionError">java.lang.AssertionError: expected [200] but found [429]
	at org.testng.Assert.fail(Assert.java:93)
	at org.testng.Assert.failNotEquals(Assert.java:512)
	at org.testng.Assert.assertEqualsImpl(Assert.java:134)
	at org.testng.Assert.assertEquals(Assert.java:115)
	at org.testng.Assert.assertEquals(Assert.java:388)
	at org.testng.Assert.assertEquals(Assert.java:398)
	at com.nasa.gov.rest.SoundsTest.testValidRequest(SoundsTest.java:42)
</failure>
    <system-out><![CDATA[Running Test:testSmallLimit
Request params:	q=Apollo
				limit=5
				api_key=DEMO_KEY
Query params:	<none>
Form params:	<none>
Path params:	<none>
Multiparts:		<none>
]]></system-out>
  </testcase>
</testsuite>